<?xml version="1.0" encoding="UTF-8"?>
<testng-results ignored="0" total="1" passed="1" failed="0" skipped="0">
  <reporter-output>
  </reporter-output>
  <suite started-at="2023-08-30T23:02:23 IST" name="Default suite" finished-at="2023-08-30T23:02:24 IST" duration-ms="78">
    <groups>
    </groups>
    <test started-at="2023-08-30T23:02:23 IST" name="Default test" finished-at="2023-08-30T23:02:24 IST" duration-ms="78">
      <class name="Sample.Demotest">
        <test-method signature="m1()[pri:0, instance:Sample.Demotest@411f53a0]" started-at="2023-08-30T23:02:24 IST" name="m1" finished-at="2023-08-30T23:02:24 IST" duration-ms="12" status="PASS">
          <reporter-output>
          </reporter-output>
        </test-method> <!-- m1 -->
      </class> <!-- Sample.Demotest -->
    </test> <!-- Default test -->
  </suite> <!-- Default suite -->
</testng-results>
